CRITICAL - 2024-10-27 15:44:32 --> ErrorException: Attempt to read property "filename" on array
[Method: GET, Route: filemanager/faculty/FE]
in APPPATH\Views\file_manager\faculty.php on line 23.
 1 APPPATH\Views\file_manager\faculty.php(23): CodeIgniter\Debug\Exceptions->errorHandler(2, 'Attempt to read property "filename" on array', 'C:\\xampp\\htdocs\\lagi\\app\\Views\\file_manager\\faculty.php', 23)
 2 SYSTEMPATH\View\View.php(234): include('C:\\xampp\\htdocs\\lagi\\app\\Views\\file_manager\\faculty.php')
 3 SYSTEMPATH\View\View.php(237): CodeIgniter\View\View->CodeIgniter\View\{closure}()
 4 SYSTEMPATH\Common.php(1171): CodeIgniter\View\View->render('file_manager/faculty', [], true)
 5 APPPATH\Controllers\FileManagerController.php(44): view('file_manager/faculty', [...])
 6 SYSTEMPATH\CodeIgniter.php(933): App\Controllers\FileManagerController->faculty('FE')
 7 SYSTEMPATH\CodeIgniter.php(509): CodeIgniter\CodeIgniter->runController(Object(App\Controllers\FileManagerController))
 8 SYSTEMPATH\CodeIgniter.php(355): CodeIgniter\CodeIgniter->handleRequest(null, Object(Config\Cache), false)
 9 SYSTEMPATH\Boot.php(325): CodeIgniter\CodeIgniter->run()
10 SYSTEMPATH\Boot.php(67): CodeIgniter\Boot::runCodeIgniter(Object(CodeIgniter\CodeIgniter))
11 FCPATH\index.php(56): CodeIgniter\Boot::bootWeb(Object(Config\Paths))
12 SYSTEMPATH\rewrite.php(44): require_once('C:\\xampp\\htdocs\\lagi\\public\\index.php')
CRITICAL - 2024-10-27 15:45:37 --> ParseError: Unclosed '('
[Method: GET, Route: /]
in APPPATH\Controllers\FileManagerController.php on line 68.
 1 SYSTEMPATH\Autoloader\Autoloader.php(296): CodeIgniter\Autoloader\Autoloader->includeFile('C:\\xampp\\htdocs\\lagi\\app\\Controllers\\FileManagerController.php')
 2 SYSTEMPATH\Autoloader\Autoloader.php(272): CodeIgniter\Autoloader\Autoloader->loadInNamespace('App\\Controllers\\FileManagerController')
 3 [internal function]: CodeIgniter\Autoloader\Autoloader->loadClass('App\\Controllers\\FileManagerController')
 4 SYSTEMPATH\CodeIgniter.php(887): class_exists('\\App\\Controllers\\FileManagerController', true)
 5 SYSTEMPATH\CodeIgniter.php(496): CodeIgniter\CodeIgniter->startController()
 6 SYSTEMPATH\CodeIgniter.php(355): CodeIgniter\CodeIgniter->handleRequest(null, Object(Config\Cache), false)
 7 SYSTEMPATH\Boot.php(325): CodeIgniter\CodeIgniter->run()
 8 SYSTEMPATH\Boot.php(67): CodeIgniter\Boot::runCodeIgniter(Object(CodeIgniter\CodeIgniter))
 9 FCPATH\index.php(56): CodeIgniter\Boot::bootWeb(Object(Config\Paths))
10 SYSTEMPATH\rewrite.php(44): require_once('C:\\xampp\\htdocs\\lagi\\public\\index.php')
CRITICAL - 2024-10-27 15:45:38 --> ParseError: Unclosed '('
[Method: GET, Route: /]
in APPPATH\Controllers\FileManagerController.php on line 68.
 1 SYSTEMPATH\Autoloader\Autoloader.php(296): CodeIgniter\Autoloader\Autoloader->includeFile('C:\\xampp\\htdocs\\lagi\\app\\Controllers\\FileManagerController.php')
 2 SYSTEMPATH\Autoloader\Autoloader.php(272): CodeIgniter\Autoloader\Autoloader->loadInNamespace('App\\Controllers\\FileManagerController')
 3 [internal function]: CodeIgniter\Autoloader\Autoloader->loadClass('App\\Controllers\\FileManagerController')
 4 SYSTEMPATH\CodeIgniter.php(887): class_exists('\\App\\Controllers\\FileManagerController', true)
 5 SYSTEMPATH\CodeIgniter.php(496): CodeIgniter\CodeIgniter->startController()
 6 SYSTEMPATH\CodeIgniter.php(355): CodeIgniter\CodeIgniter->handleRequest(null, Object(Config\Cache), false)
 7 SYSTEMPATH\Boot.php(325): CodeIgniter\CodeIgniter->run()
 8 SYSTEMPATH\Boot.php(67): CodeIgniter\Boot::runCodeIgniter(Object(CodeIgniter\CodeIgniter))
 9 FCPATH\index.php(56): CodeIgniter\Boot::bootWeb(Object(Config\Paths))
10 SYSTEMPATH\rewrite.php(44): require_once('C:\\xampp\\htdocs\\lagi\\public\\index.php')
ERROR - 2024-10-27 17:31:13 --> File tidak ditemukan di server: C:\xampp\htdocs\lagi\public\public/upload/FE/Basic Web HTML CSS.zip
ERROR - 2024-10-27 17:42:02 --> File tidak ditemukan di server: C:\xampp\htdocs\lagi\public\public/upload/FE/Basic Web HTML CSS.zip
ERROR - 2024-10-27 17:43:29 --> File tidak ditemukan di server: C:\xampp\htdocs\lagi\public\public/upload/FE/Basic Web HTML CSS.zip
ERROR - 2024-10-27 17:44:09 --> File tidak ditemukan di server: C:\xampp\htdocs\lagi\public\public/upload/FE/Basic Web HTML CSS.zip
ERROR - 2024-10-27 17:47:26 --> File tidak ditemukan di server: C:\xampp\htdocs\lagi\public\public/upload/FE/Basic Web HTML CSS.zip
ERROR - 2024-10-27 17:48:40 --> File tidak ditemukan di server: C:\xampp\htdocs\lagi\public\public/upload/FE/Basic Web HTML CSS.zip
ERROR - 2024-10-27 17:56:53 --> File tidak ditemukan di server: C:\xampp\htdocs\lagi\public\public/upload/FKIP/Basic Web HTML CSS.zip
ERROR - 2024-10-27 18:06:58 --> File tidak ditemukan di server: C:\xampp\htdocs\lagi\public\public/upload/FE/Basic Web HTML CSS.zip
ERROR - 2024-10-27 18:17:51 --> File tidak ditemukan di server: C:\xampp\htdocs\lagi\public\public/upload/FE/Basic Web HTML CSS.zip
ERROR - 2024-10-27 18:20:04 --> File tidak ditemukan di server: C:\xampp\htdocs\lagi\public\public/upload/FE/Basic Web HTML CSS.zip
ERROR - 2024-10-27 18:26:31 --> File tidak ditemukan di server: C:\xampp\htdocs\lagi\public\public/upload/FE/Basic Web HTML CSS.zip
ERROR - 2024-10-27 18:31:23 --> File tidak ditemukan di server: C:\xampp\htdocs\lagi\public\public/upload/FE/Basic Web HTML CSS.zip
CRITICAL - 2024-10-27 18:36:30 --> ErrorException: Undefined variable $faculty
[Method: GET, Route: filemanager/search]
in APPPATH\Views\file_manager\search_results.php on line 7.
 1 APPPATH\Views\file_manager\search_results.php(7): CodeIgniter\Debug\Exceptions->errorHandler(2, 'Undefined variable $faculty', 'C:\\xampp\\htdocs\\lagi\\app\\Views\\file_manager\\search_results.php', 7)
 2 SYSTEMPATH\View\View.php(234): include('C:\\xampp\\htdocs\\lagi\\app\\Views\\file_manager\\search_results.php')
 3 SYSTEMPATH\View\View.php(237): CodeIgniter\View\View->CodeIgniter\View\{closure}()
 4 SYSTEMPATH\Common.php(1171): CodeIgniter\View\View->render('file_manager/search_results', [], true)
 5 APPPATH\Controllers\FileManagerController.php(71): view('file_manager/search_results', [...])
 6 SYSTEMPATH\CodeIgniter.php(933): App\Controllers\FileManagerController->search()
 7 SYSTEMPATH\CodeIgniter.php(509): CodeIgniter\CodeIgniter->runController(Object(App\Controllers\FileManagerController))
 8 SYSTEMPATH\CodeIgniter.php(355): CodeIgniter\CodeIgniter->handleRequest(null, Object(Config\Cache), false)
 9 SYSTEMPATH\Boot.php(325): CodeIgniter\CodeIgniter->run()
10 SYSTEMPATH\Boot.php(67): CodeIgniter\Boot::runCodeIgniter(Object(CodeIgniter\CodeIgniter))
11 FCPATH\index.php(56): CodeIgniter\Boot::bootWeb(Object(Config\Paths))
12 SYSTEMPATH\rewrite.php(44): require_once('C:\\xampp\\htdocs\\lagi\\public\\index.php')
CRITICAL - 2024-10-27 18:36:39 --> ErrorException: Undefined variable $faculty
[Method: GET, Route: filemanager/search]
in APPPATH\Views\file_manager\search_results.php on line 7.
 1 APPPATH\Views\file_manager\search_results.php(7): CodeIgniter\Debug\Exceptions->errorHandler(2, 'Undefined variable $faculty', 'C:\\xampp\\htdocs\\lagi\\app\\Views\\file_manager\\search_results.php', 7)
 2 SYSTEMPATH\View\View.php(234): include('C:\\xampp\\htdocs\\lagi\\app\\Views\\file_manager\\search_results.php')
 3 SYSTEMPATH\View\View.php(237): CodeIgniter\View\View->CodeIgniter\View\{closure}()
 4 SYSTEMPATH\Common.php(1171): CodeIgniter\View\View->render('file_manager/search_results', [], true)
 5 APPPATH\Controllers\FileManagerController.php(71): view('file_manager/search_results', [...])
 6 SYSTEMPATH\CodeIgniter.php(933): App\Controllers\FileManagerController->search()
 7 SYSTEMPATH\CodeIgniter.php(509): CodeIgniter\CodeIgniter->runController(Object(App\Controllers\FileManagerController))
 8 SYSTEMPATH\CodeIgniter.php(355): CodeIgniter\CodeIgniter->handleRequest(null, Object(Config\Cache), false)
 9 SYSTEMPATH\Boot.php(325): CodeIgniter\CodeIgniter->run()
10 SYSTEMPATH\Boot.php(67): CodeIgniter\Boot::runCodeIgniter(Object(CodeIgniter\CodeIgniter))
11 FCPATH\index.php(56): CodeIgniter\Boot::bootWeb(Object(Config\Paths))
12 SYSTEMPATH\rewrite.php(44): require_once('C:\\xampp\\htdocs\\lagi\\public\\index.php')
ERROR - 2024-10-27 18:39:35 --> File tidak ditemukan di server: C:\xampp\htdocs\lagi\public\public/upload/FKIP/Basic Web HTML CSS.zip
CRITICAL - 2024-10-27 19:42:17 --> ErrorException: Undefined variable $faculty
[Method: GET, Route: filemanager/search]
in APPPATH\Views\file_manager\search_results.php on line 7.
 1 APPPATH\Views\file_manager\search_results.php(7): CodeIgniter\Debug\Exceptions->errorHandler(2, 'Undefined variable $faculty', 'C:\\xampp\\htdocs\\lagi\\app\\Views\\file_manager\\search_results.php', 7)
 2 SYSTEMPATH\View\View.php(234): include('C:\\xampp\\htdocs\\lagi\\app\\Views\\file_manager\\search_results.php')
 3 SYSTEMPATH\View\View.php(237): CodeIgniter\View\View->CodeIgniter\View\{closure}()
 4 SYSTEMPATH\Common.php(1171): CodeIgniter\View\View->render('file_manager/search_results', [], true)
 5 APPPATH\Controllers\FileManagerController.php(71): view('file_manager/search_results', [...])
 6 SYSTEMPATH\CodeIgniter.php(933): App\Controllers\FileManagerController->search()
 7 SYSTEMPATH\CodeIgniter.php(509): CodeIgniter\CodeIgniter->runController(Object(App\Controllers\FileManagerController))
 8 SYSTEMPATH\CodeIgniter.php(355): CodeIgniter\CodeIgniter->handleRequest(null, Object(Config\Cache), false)
 9 SYSTEMPATH\Boot.php(325): CodeIgniter\CodeIgniter->run()
10 SYSTEMPATH\Boot.php(67): CodeIgniter\Boot::runCodeIgniter(Object(CodeIgniter\CodeIgniter))
11 FCPATH\index.php(56): CodeIgniter\Boot::bootWeb(Object(Config\Paths))
12 SYSTEMPATH\rewrite.php(44): require_once('C:\\xampp\\htdocs\\lagi\\public\\index.php')
CRITICAL - 2024-10-27 19:42:19 --> ErrorException: Undefined variable $faculty
[Method: GET, Route: filemanager/search]
in APPPATH\Views\file_manager\search_results.php on line 7.
 1 APPPATH\Views\file_manager\search_results.php(7): CodeIgniter\Debug\Exceptions->errorHandler(2, 'Undefined variable $faculty', 'C:\\xampp\\htdocs\\lagi\\app\\Views\\file_manager\\search_results.php', 7)
 2 SYSTEMPATH\View\View.php(234): include('C:\\xampp\\htdocs\\lagi\\app\\Views\\file_manager\\search_results.php')
 3 SYSTEMPATH\View\View.php(237): CodeIgniter\View\View->CodeIgniter\View\{closure}()
 4 SYSTEMPATH\Common.php(1171): CodeIgniter\View\View->render('file_manager/search_results', [], true)
 5 APPPATH\Controllers\FileManagerController.php(71): view('file_manager/search_results', [...])
 6 SYSTEMPATH\CodeIgniter.php(933): App\Controllers\FileManagerController->search()
 7 SYSTEMPATH\CodeIgniter.php(509): CodeIgniter\CodeIgniter->runController(Object(App\Controllers\FileManagerController))
 8 SYSTEMPATH\CodeIgniter.php(355): CodeIgniter\CodeIgniter->handleRequest(null, Object(Config\Cache), false)
 9 SYSTEMPATH\Boot.php(325): CodeIgniter\CodeIgniter->run()
10 SYSTEMPATH\Boot.php(67): CodeIgniter\Boot::runCodeIgniter(Object(CodeIgniter\CodeIgniter))
11 FCPATH\index.php(56): CodeIgniter\Boot::bootWeb(Object(Config\Paths))
12 SYSTEMPATH\rewrite.php(44): require_once('C:\\xampp\\htdocs\\lagi\\public\\index.php')
