ERROR - 2024-10-25 01:39:33 --> Error connecting to the database: mysqli_sql_exception: No connection could be made because the target machine actively refused it in C:\xampp\htdocs\lagi\system\Database\MySQLi\Connection.php:186
Stack trace:
#0 C:\xampp\htdocs\lagi\system\Database\MySQLi\Connection.php(186): mysqli->real_connect('localhost', 'root', Object(SensitiveParameterValue), 'file_manager_ut', 3306, '', 0)
#1 C:\xampp\htdocs\lagi\system\Database\BaseConnection.php(421): CodeIgniter\Database\MySQLi\Connection->connect(false)
#2 C:\xampp\htdocs\lagi\system\Database\BaseConnection.php(616): CodeIgniter\Database\BaseConnection->initialize()
#3 C:\xampp\htdocs\lagi\system\Database\BaseBuilder.php(1644): CodeIgniter\Database\BaseConnection->query('SELECT *\nFROM `...', Array, false)
#4 C:\xampp\htdocs\lagi\system\Model.php(286): CodeIgniter\Database\BaseBuilder->get()
#5 C:\xampp\htdocs\lagi\system\BaseModel.php(676): CodeIgniter\Model->doFindAll(0, 0)
#6 C:\xampp\htdocs\lagi\app\Controllers\FileManagerController.php(64): CodeIgniter\BaseModel->findAll()
#7 C:\xampp\htdocs\lagi\system\CodeIgniter.php(933): App\Controllers\FileManagerController->search()
#8 C:\xampp\htdocs\lagi\system\CodeIgniter.php(509): CodeIgniter\CodeIgniter->runController(Object(App\Controllers\FileManagerController))
#9 C:\xampp\htdocs\lagi\system\CodeIgniter.php(355): CodeIgniter\CodeIgniter->handleRequest(NULL, Object(Config\Cache), false)
#10 C:\xampp\htdocs\lagi\system\Boot.php(325): CodeIgniter\CodeIgniter->run()
#11 C:\xampp\htdocs\lagi\system\Boot.php(67): CodeIgniter\Boot::runCodeIgniter(Object(CodeIgniter\CodeIgniter))
#12 C:\xampp\htdocs\lagi\public\index.php(56): CodeIgniter\Boot::bootWeb(Object(Config\Paths))
#13 C:\xampp\htdocs\lagi\system\rewrite.php(44): require_once('C:\\xampp\\htdocs...')
#14 {main}

Next CodeIgniter\Database\Exceptions\DatabaseException: No connection could be made because the target machine actively refused it in C:\xampp\htdocs\lagi\system\Database\MySQLi\Connection.php:231
Stack trace:
#0 C:\xampp\htdocs\lagi\system\Database\BaseConnection.php(421): CodeIgniter\Database\MySQLi\Connection->connect(false)
#1 C:\xampp\htdocs\lagi\system\Database\BaseConnection.php(616): CodeIgniter\Database\BaseConnection->initialize()
#2 C:\xampp\htdocs\lagi\system\Database\BaseBuilder.php(1644): CodeIgniter\Database\BaseConnection->query('SELECT *\nFROM `...', Array, false)
#3 C:\xampp\htdocs\lagi\system\Model.php(286): CodeIgniter\Database\BaseBuilder->get()
#4 C:\xampp\htdocs\lagi\system\BaseModel.php(676): CodeIgniter\Model->doFindAll(0, 0)
#5 C:\xampp\htdocs\lagi\app\Controllers\FileManagerController.php(64): CodeIgniter\BaseModel->findAll()
#6 C:\xampp\htdocs\lagi\system\CodeIgniter.php(933): App\Controllers\FileManagerController->search()
#7 C:\xampp\htdocs\lagi\system\CodeIgniter.php(509): CodeIgniter\CodeIgniter->runController(Object(App\Controllers\FileManagerController))
#8 C:\xampp\htdocs\lagi\system\CodeIgniter.php(355): CodeIgniter\CodeIgniter->handleRequest(NULL, Object(Config\Cache), false)
#9 C:\xampp\htdocs\lagi\system\Boot.php(325): CodeIgniter\CodeIgniter->run()
#10 C:\xampp\htdocs\lagi\system\Boot.php(67): CodeIgniter\Boot::runCodeIgniter(Object(CodeIgniter\CodeIgniter))
#11 C:\xampp\htdocs\lagi\public\index.php(56): CodeIgniter\Boot::bootWeb(Object(Config\Paths))
#12 C:\xampp\htdocs\lagi\system\rewrite.php(44): require_once('C:\\xampp\\htdocs...')
#13 {main}
CRITICAL - 2024-10-25 01:39:33 --> CodeIgniter\Database\Exceptions\DatabaseException: Unable to connect to the database.
Main connection [MySQLi]: No connection could be made because the target machine actively refused it
[Method: GET, Route: filemanager/search]
in SYSTEMPATH\Database\BaseConnection.php on line 467.
 1 SYSTEMPATH\Database\BaseConnection.php(616): CodeIgniter\Database\BaseConnection->initialize()
 2 SYSTEMPATH\Database\BaseBuilder.php(1644): CodeIgniter\Database\BaseConnection->query('SELECT *
FROM `files`
WHERE `filename` LIKE :filename: ESCAPE \'!\'
OR  `faculty` LIKE :faculty: ESCAPE \'!\'', [...], false)
 3 SYSTEMPATH\Model.php(286): CodeIgniter\Database\BaseBuilder->get()
 4 SYSTEMPATH\BaseModel.php(676): CodeIgniter\Model->doFindAll(0, 0)
 5 APPPATH\Controllers\FileManagerController.php(64): CodeIgniter\BaseModel->findAll()
 6 SYSTEMPATH\CodeIgniter.php(933): App\Controllers\FileManagerController->search()
 7 SYSTEMPATH\CodeIgniter.php(509): CodeIgniter\CodeIgniter->runController(Object(App\Controllers\FileManagerController))
 8 SYSTEMPATH\CodeIgniter.php(355): CodeIgniter\CodeIgniter->handleRequest(null, Object(Config\Cache), false)
 9 SYSTEMPATH\Boot.php(325): CodeIgniter\CodeIgniter->run()
10 SYSTEMPATH\Boot.php(67): CodeIgniter\Boot::runCodeIgniter(Object(CodeIgniter\CodeIgniter))
11 FCPATH\index.php(56): CodeIgniter\Boot::bootWeb(Object(Config\Paths))
12 SYSTEMPATH\rewrite.php(44): require_once('C:\\xampp\\htdocs\\lagi\\public\\index.php')
CRITICAL - 2024-10-25 01:53:09 --> CodeIgniter\View\Exceptions\ViewException: Invalid file: "filemanager/index.php"
[Method: GET, Route: /]
in SYSTEMPATH\Exceptions\FrameworkException.php on line 41.
 1 SYSTEMPATH\View\View.php(222): CodeIgniter\Exceptions\FrameworkException::forInvalidFile('filemanager/index.php')
 2 SYSTEMPATH\Common.php(1171): CodeIgniter\View\View->render('filemanager/index', [], true)
 3 APPPATH\Controllers\FileManagerController.php(10): view('filemanager/index')
 4 SYSTEMPATH\CodeIgniter.php(933): App\Controllers\FileManagerController->index()
 5 SYSTEMPATH\CodeIgniter.php(509): CodeIgniter\CodeIgniter->runController(Object(App\Controllers\FileManagerController))
 6 SYSTEMPATH\CodeIgniter.php(355): CodeIgniter\CodeIgniter->handleRequest(null, Object(Config\Cache), false)
 7 SYSTEMPATH\Boot.php(325): CodeIgniter\CodeIgniter->run()
 8 SYSTEMPATH\Boot.php(67): CodeIgniter\Boot::runCodeIgniter(Object(CodeIgniter\CodeIgniter))
 9 FCPATH\index.php(56): CodeIgniter\Boot::bootWeb(Object(Config\Paths))
10 SYSTEMPATH\rewrite.php(44): require_once('C:\\xampp\\htdocs\\lagi\\public\\index.php')
CRITICAL - 2024-10-25 01:53:10 --> CodeIgniter\View\Exceptions\ViewException: Invalid file: "filemanager/index.php"
[Method: GET, Route: /]
in SYSTEMPATH\Exceptions\FrameworkException.php on line 41.
 1 SYSTEMPATH\View\View.php(222): CodeIgniter\Exceptions\FrameworkException::forInvalidFile('filemanager/index.php')
 2 SYSTEMPATH\Common.php(1171): CodeIgniter\View\View->render('filemanager/index', [], true)
 3 APPPATH\Controllers\FileManagerController.php(10): view('filemanager/index')
 4 SYSTEMPATH\CodeIgniter.php(933): App\Controllers\FileManagerController->index()
 5 SYSTEMPATH\CodeIgniter.php(509): CodeIgniter\CodeIgniter->runController(Object(App\Controllers\FileManagerController))
 6 SYSTEMPATH\CodeIgniter.php(355): CodeIgniter\CodeIgniter->handleRequest(null, Object(Config\Cache), false)
 7 SYSTEMPATH\Boot.php(325): CodeIgniter\CodeIgniter->run()
 8 SYSTEMPATH\Boot.php(67): CodeIgniter\Boot::runCodeIgniter(Object(CodeIgniter\CodeIgniter))
 9 FCPATH\index.php(56): CodeIgniter\Boot::bootWeb(Object(Config\Paths))
10 SYSTEMPATH\rewrite.php(44): require_once('C:\\xampp\\htdocs\\lagi\\public\\index.php')
CRITICAL - 2024-10-25 01:54:10 --> CodeIgniter\View\Exceptions\ViewException: Invalid file: "filemanager/index.php"
[Method: GET, Route: /]
in SYSTEMPATH\Exceptions\FrameworkException.php on line 41.
 1 SYSTEMPATH\View\View.php(222): CodeIgniter\Exceptions\FrameworkException::forInvalidFile('filemanager/index.php')
 2 SYSTEMPATH\Common.php(1171): CodeIgniter\View\View->render('filemanager/index', [], true)
 3 APPPATH\Controllers\FileManagerController.php(10): view('filemanager/index')
 4 SYSTEMPATH\CodeIgniter.php(933): App\Controllers\FileManagerController->index()
 5 SYSTEMPATH\CodeIgniter.php(509): CodeIgniter\CodeIgniter->runController(Object(App\Controllers\FileManagerController))
 6 SYSTEMPATH\CodeIgniter.php(355): CodeIgniter\CodeIgniter->handleRequest(null, Object(Config\Cache), false)
 7 SYSTEMPATH\Boot.php(325): CodeIgniter\CodeIgniter->run()
 8 SYSTEMPATH\Boot.php(67): CodeIgniter\Boot::runCodeIgniter(Object(CodeIgniter\CodeIgniter))
 9 FCPATH\index.php(56): CodeIgniter\Boot::bootWeb(Object(Config\Paths))
10 SYSTEMPATH\rewrite.php(44): require_once('C:\\xampp\\htdocs\\lagi\\public\\index.php')
CRITICAL - 2024-10-25 01:54:23 --> CodeIgniter\View\Exceptions\ViewException: Invalid file: "filemanager/index.php"
[Method: GET, Route: /]
in SYSTEMPATH\Exceptions\FrameworkException.php on line 41.
 1 SYSTEMPATH\View\View.php(222): CodeIgniter\Exceptions\FrameworkException::forInvalidFile('filemanager/index.php')
 2 SYSTEMPATH\Common.php(1171): CodeIgniter\View\View->render('filemanager/index', [], true)
 3 APPPATH\Controllers\FileManagerController.php(10): view('filemanager/index')
 4 SYSTEMPATH\CodeIgniter.php(933): App\Controllers\FileManagerController->index()
 5 SYSTEMPATH\CodeIgniter.php(509): CodeIgniter\CodeIgniter->runController(Object(App\Controllers\FileManagerController))
 6 SYSTEMPATH\CodeIgniter.php(355): CodeIgniter\CodeIgniter->handleRequest(null, Object(Config\Cache), false)
 7 SYSTEMPATH\Boot.php(325): CodeIgniter\CodeIgniter->run()
 8 SYSTEMPATH\Boot.php(67): CodeIgniter\Boot::runCodeIgniter(Object(CodeIgniter\CodeIgniter))
 9 FCPATH\index.php(56): CodeIgniter\Boot::bootWeb(Object(Config\Paths))
CRITICAL - 2024-10-25 02:08:10 --> CodeIgniter\View\Exceptions\ViewException: Invalid file: "filemanager/index.php"
[Method: GET, Route: /]
in SYSTEMPATH\Exceptions\FrameworkException.php on line 41.
 1 SYSTEMPATH\View\View.php(222): CodeIgniter\Exceptions\FrameworkException::forInvalidFile('filemanager/index.php')
 2 SYSTEMPATH\Common.php(1171): CodeIgniter\View\View->render('filemanager/index', [], true)
 3 APPPATH\Controllers\FileManagerController.php(10): view('filemanager/index')
 4 SYSTEMPATH\CodeIgniter.php(933): App\Controllers\FileManagerController->index()
 5 SYSTEMPATH\CodeIgniter.php(509): CodeIgniter\CodeIgniter->runController(Object(App\Controllers\FileManagerController))
 6 SYSTEMPATH\CodeIgniter.php(355): CodeIgniter\CodeIgniter->handleRequest(null, Object(Config\Cache), false)
 7 SYSTEMPATH\Boot.php(325): CodeIgniter\CodeIgniter->run()
 8 SYSTEMPATH\Boot.php(67): CodeIgniter\Boot::runCodeIgniter(Object(CodeIgniter\CodeIgniter))
 9 FCPATH\index.php(56): CodeIgniter\Boot::bootWeb(Object(Config\Paths))
CRITICAL - 2024-10-25 02:08:11 --> CodeIgniter\View\Exceptions\ViewException: Invalid file: "filemanager/index.php"
[Method: GET, Route: /]
in SYSTEMPATH\Exceptions\FrameworkException.php on line 41.
 1 SYSTEMPATH\View\View.php(222): CodeIgniter\Exceptions\FrameworkException::forInvalidFile('filemanager/index.php')
 2 SYSTEMPATH\Common.php(1171): CodeIgniter\View\View->render('filemanager/index', [], true)
 3 APPPATH\Controllers\FileManagerController.php(10): view('filemanager/index')
 4 SYSTEMPATH\CodeIgniter.php(933): App\Controllers\FileManagerController->index()
 5 SYSTEMPATH\CodeIgniter.php(509): CodeIgniter\CodeIgniter->runController(Object(App\Controllers\FileManagerController))
 6 SYSTEMPATH\CodeIgniter.php(355): CodeIgniter\CodeIgniter->handleRequest(null, Object(Config\Cache), false)
 7 SYSTEMPATH\Boot.php(325): CodeIgniter\CodeIgniter->run()
 8 SYSTEMPATH\Boot.php(67): CodeIgniter\Boot::runCodeIgniter(Object(CodeIgniter\CodeIgniter))
 9 FCPATH\index.php(56): CodeIgniter\Boot::bootWeb(Object(Config\Paths))
CRITICAL - 2024-10-25 02:08:13 --> CodeIgniter\View\Exceptions\ViewException: Invalid file: "filemanager/index.php"
[Method: GET, Route: /]
in SYSTEMPATH\Exceptions\FrameworkException.php on line 41.
 1 SYSTEMPATH\View\View.php(222): CodeIgniter\Exceptions\FrameworkException::forInvalidFile('filemanager/index.php')
 2 SYSTEMPATH\Common.php(1171): CodeIgniter\View\View->render('filemanager/index', [], true)
 3 APPPATH\Controllers\FileManagerController.php(10): view('filemanager/index')
 4 SYSTEMPATH\CodeIgniter.php(933): App\Controllers\FileManagerController->index()
 5 SYSTEMPATH\CodeIgniter.php(509): CodeIgniter\CodeIgniter->runController(Object(App\Controllers\FileManagerController))
 6 SYSTEMPATH\CodeIgniter.php(355): CodeIgniter\CodeIgniter->handleRequest(null, Object(Config\Cache), false)
 7 SYSTEMPATH\Boot.php(325): CodeIgniter\CodeIgniter->run()
 8 SYSTEMPATH\Boot.php(67): CodeIgniter\Boot::runCodeIgniter(Object(CodeIgniter\CodeIgniter))
 9 FCPATH\index.php(56): CodeIgniter\Boot::bootWeb(Object(Config\Paths))
CRITICAL - 2024-10-25 02:09:06 --> CodeIgniter\View\Exceptions\ViewException: Invalid file: "filemanager/index.php"
[Method: GET, Route: /]
in SYSTEMPATH\Exceptions\FrameworkException.php on line 41.
 1 SYSTEMPATH\View\View.php(222): CodeIgniter\Exceptions\FrameworkException::forInvalidFile('filemanager/index.php')
 2 SYSTEMPATH\Common.php(1171): CodeIgniter\View\View->render('filemanager/index', [], true)
 3 APPPATH\Controllers\FileManagerController.php(10): view('filemanager/index')
 4 SYSTEMPATH\CodeIgniter.php(933): App\Controllers\FileManagerController->index()
 5 SYSTEMPATH\CodeIgniter.php(509): CodeIgniter\CodeIgniter->runController(Object(App\Controllers\FileManagerController))
 6 SYSTEMPATH\CodeIgniter.php(355): CodeIgniter\CodeIgniter->handleRequest(null, Object(Config\Cache), false)
 7 SYSTEMPATH\Boot.php(325): CodeIgniter\CodeIgniter->run()
 8 SYSTEMPATH\Boot.php(67): CodeIgniter\Boot::runCodeIgniter(Object(CodeIgniter\CodeIgniter))
 9 FCPATH\index.php(56): CodeIgniter\Boot::bootWeb(Object(Config\Paths))
10 SYSTEMPATH\rewrite.php(44): require_once('C:\\xampp\\htdocs\\lagi\\public\\index.php')
CRITICAL - 2024-10-25 02:09:07 --> CodeIgniter\View\Exceptions\ViewException: Invalid file: "filemanager/index.php"
[Method: GET, Route: /]
in SYSTEMPATH\Exceptions\FrameworkException.php on line 41.
 1 SYSTEMPATH\View\View.php(222): CodeIgniter\Exceptions\FrameworkException::forInvalidFile('filemanager/index.php')
 2 SYSTEMPATH\Common.php(1171): CodeIgniter\View\View->render('filemanager/index', [], true)
 3 APPPATH\Controllers\FileManagerController.php(10): view('filemanager/index')
 4 SYSTEMPATH\CodeIgniter.php(933): App\Controllers\FileManagerController->index()
 5 SYSTEMPATH\CodeIgniter.php(509): CodeIgniter\CodeIgniter->runController(Object(App\Controllers\FileManagerController))
 6 SYSTEMPATH\CodeIgniter.php(355): CodeIgniter\CodeIgniter->handleRequest(null, Object(Config\Cache), false)
 7 SYSTEMPATH\Boot.php(325): CodeIgniter\CodeIgniter->run()
 8 SYSTEMPATH\Boot.php(67): CodeIgniter\Boot::runCodeIgniter(Object(CodeIgniter\CodeIgniter))
 9 FCPATH\index.php(56): CodeIgniter\Boot::bootWeb(Object(Config\Paths))
10 SYSTEMPATH\rewrite.php(44): require_once('C:\\xampp\\htdocs\\lagi\\public\\index.php')
CRITICAL - 2024-10-25 02:13:01 --> CodeIgniter\View\Exceptions\ViewException: Invalid file: "filemanager/search.php"
[Method: GET, Route: filemanager/search]
in SYSTEMPATH\Exceptions\FrameworkException.php on line 41.
 1 SYSTEMPATH\View\View.php(222): CodeIgniter\Exceptions\FrameworkException::forInvalidFile('filemanager/search.php')
 2 SYSTEMPATH\Common.php(1171): CodeIgniter\View\View->render('filemanager/search', [], true)
 3 APPPATH\Controllers\FileManagerController.php(22): view('filemanager/search')
 4 SYSTEMPATH\CodeIgniter.php(933): App\Controllers\FileManagerController->search()
 5 SYSTEMPATH\CodeIgniter.php(509): CodeIgniter\CodeIgniter->runController(Object(App\Controllers\FileManagerController))
 6 SYSTEMPATH\CodeIgniter.php(355): CodeIgniter\CodeIgniter->handleRequest(null, Object(Config\Cache), false)
 7 SYSTEMPATH\Boot.php(325): CodeIgniter\CodeIgniter->run()
 8 SYSTEMPATH\Boot.php(67): CodeIgniter\Boot::runCodeIgniter(Object(CodeIgniter\CodeIgniter))
 9 FCPATH\index.php(56): CodeIgniter\Boot::bootWeb(Object(Config\Paths))
10 SYSTEMPATH\rewrite.php(44): require_once('C:\\xampp\\htdocs\\lagi\\public\\index.php')
CRITICAL - 2024-10-25 02:13:03 --> CodeIgniter\View\Exceptions\ViewException: Invalid file: "filemanager/search.php"
[Method: GET, Route: filemanager/search]
in SYSTEMPATH\Exceptions\FrameworkException.php on line 41.
 1 SYSTEMPATH\View\View.php(222): CodeIgniter\Exceptions\FrameworkException::forInvalidFile('filemanager/search.php')
 2 SYSTEMPATH\Common.php(1171): CodeIgniter\View\View->render('filemanager/search', [], true)
 3 APPPATH\Controllers\FileManagerController.php(22): view('filemanager/search')
 4 SYSTEMPATH\CodeIgniter.php(933): App\Controllers\FileManagerController->search()
 5 SYSTEMPATH\CodeIgniter.php(509): CodeIgniter\CodeIgniter->runController(Object(App\Controllers\FileManagerController))
 6 SYSTEMPATH\CodeIgniter.php(355): CodeIgniter\CodeIgniter->handleRequest(null, Object(Config\Cache), false)
 7 SYSTEMPATH\Boot.php(325): CodeIgniter\CodeIgniter->run()
 8 SYSTEMPATH\Boot.php(67): CodeIgniter\Boot::runCodeIgniter(Object(CodeIgniter\CodeIgniter))
 9 FCPATH\index.php(56): CodeIgniter\Boot::bootWeb(Object(Config\Paths))
10 SYSTEMPATH\rewrite.php(44): require_once('C:\\xampp\\htdocs\\lagi\\public\\index.php')
CRITICAL - 2024-10-25 02:13:05 --> CodeIgniter\View\Exceptions\ViewException: Invalid file: "filemanager/search.php"
[Method: GET, Route: filemanager/search]
in SYSTEMPATH\Exceptions\FrameworkException.php on line 41.
 1 SYSTEMPATH\View\View.php(222): CodeIgniter\Exceptions\FrameworkException::forInvalidFile('filemanager/search.php')
 2 SYSTEMPATH\Common.php(1171): CodeIgniter\View\View->render('filemanager/search', [], true)
 3 APPPATH\Controllers\FileManagerController.php(22): view('filemanager/search')
 4 SYSTEMPATH\CodeIgniter.php(933): App\Controllers\FileManagerController->search()
 5 SYSTEMPATH\CodeIgniter.php(509): CodeIgniter\CodeIgniter->runController(Object(App\Controllers\FileManagerController))
 6 SYSTEMPATH\CodeIgniter.php(355): CodeIgniter\CodeIgniter->handleRequest(null, Object(Config\Cache), false)
 7 SYSTEMPATH\Boot.php(325): CodeIgniter\CodeIgniter->run()
 8 SYSTEMPATH\Boot.php(67): CodeIgniter\Boot::runCodeIgniter(Object(CodeIgniter\CodeIgniter))
 9 FCPATH\index.php(56): CodeIgniter\Boot::bootWeb(Object(Config\Paths))
10 SYSTEMPATH\rewrite.php(44): require_once('C:\\xampp\\htdocs\\lagi\\public\\index.php')
CRITICAL - 2024-10-25 02:13:27 --> CodeIgniter\View\Exceptions\ViewException: Invalid file: "filemanager/index.php"
[Method: GET, Route: /]
in SYSTEMPATH\Exceptions\FrameworkException.php on line 41.
 1 SYSTEMPATH\View\View.php(222): CodeIgniter\Exceptions\FrameworkException::forInvalidFile('filemanager/index.php')
 2 SYSTEMPATH\Common.php(1171): CodeIgniter\View\View->render('filemanager/index', [], true)
 3 APPPATH\Controllers\FileManagerController.php(10): view('filemanager/index')
 4 SYSTEMPATH\CodeIgniter.php(933): App\Controllers\FileManagerController->index()
 5 SYSTEMPATH\CodeIgniter.php(509): CodeIgniter\CodeIgniter->runController(Object(App\Controllers\FileManagerController))
 6 SYSTEMPATH\CodeIgniter.php(355): CodeIgniter\CodeIgniter->handleRequest(null, Object(Config\Cache), false)
 7 SYSTEMPATH\Boot.php(325): CodeIgniter\CodeIgniter->run()
 8 SYSTEMPATH\Boot.php(67): CodeIgniter\Boot::runCodeIgniter(Object(CodeIgniter\CodeIgniter))
 9 FCPATH\index.php(56): CodeIgniter\Boot::bootWeb(Object(Config\Paths))
10 SYSTEMPATH\rewrite.php(44): require_once('C:\\xampp\\htdocs\\lagi\\public\\index.php')
CRITICAL - 2024-10-25 02:13:29 --> CodeIgniter\View\Exceptions\ViewException: Invalid file: "filemanager/index.php"
[Method: GET, Route: /]
in SYSTEMPATH\Exceptions\FrameworkException.php on line 41.
 1 SYSTEMPATH\View\View.php(222): CodeIgniter\Exceptions\FrameworkException::forInvalidFile('filemanager/index.php')
 2 SYSTEMPATH\Common.php(1171): CodeIgniter\View\View->render('filemanager/index', [], true)
 3 APPPATH\Controllers\FileManagerController.php(10): view('filemanager/index')
 4 SYSTEMPATH\CodeIgniter.php(933): App\Controllers\FileManagerController->index()
 5 SYSTEMPATH\CodeIgniter.php(509): CodeIgniter\CodeIgniter->runController(Object(App\Controllers\FileManagerController))
 6 SYSTEMPATH\CodeIgniter.php(355): CodeIgniter\CodeIgniter->handleRequest(null, Object(Config\Cache), false)
 7 SYSTEMPATH\Boot.php(325): CodeIgniter\CodeIgniter->run()
 8 SYSTEMPATH\Boot.php(67): CodeIgniter\Boot::runCodeIgniter(Object(CodeIgniter\CodeIgniter))
 9 FCPATH\index.php(56): CodeIgniter\Boot::bootWeb(Object(Config\Paths))
10 SYSTEMPATH\rewrite.php(44): require_once('C:\\xampp\\htdocs\\lagi\\public\\index.php')
CRITICAL - 2024-10-25 02:18:17 --> CodeIgniter\View\Exceptions\ViewException: Invalid file: "filemanager/index.php"
[Method: GET, Route: /]
in SYSTEMPATH\Exceptions\FrameworkException.php on line 41.
 1 SYSTEMPATH\View\View.php(222): CodeIgniter\Exceptions\FrameworkException::forInvalidFile('filemanager/index.php')
 2 SYSTEMPATH\Common.php(1171): CodeIgniter\View\View->render('filemanager/index', [], true)
 3 APPPATH\Controllers\FileManagerController.php(10): view('filemanager/index')
 4 SYSTEMPATH\CodeIgniter.php(933): App\Controllers\FileManagerController->index()
 5 SYSTEMPATH\CodeIgniter.php(509): CodeIgniter\CodeIgniter->runController(Object(App\Controllers\FileManagerController))
 6 SYSTEMPATH\CodeIgniter.php(355): CodeIgniter\CodeIgniter->handleRequest(null, Object(Config\Cache), false)
 7 SYSTEMPATH\Boot.php(325): CodeIgniter\CodeIgniter->run()
 8 SYSTEMPATH\Boot.php(67): CodeIgniter\Boot::runCodeIgniter(Object(CodeIgniter\CodeIgniter))
 9 FCPATH\index.php(56): CodeIgniter\Boot::bootWeb(Object(Config\Paths))
10 SYSTEMPATH\rewrite.php(44): require_once('C:\\xampp\\htdocs\\lagi\\public\\index.php')
CRITICAL - 2024-10-25 02:18:18 --> CodeIgniter\View\Exceptions\ViewException: Invalid file: "filemanager/index.php"
[Method: GET, Route: /]
in SYSTEMPATH\Exceptions\FrameworkException.php on line 41.
 1 SYSTEMPATH\View\View.php(222): CodeIgniter\Exceptions\FrameworkException::forInvalidFile('filemanager/index.php')
 2 SYSTEMPATH\Common.php(1171): CodeIgniter\View\View->render('filemanager/index', [], true)
 3 APPPATH\Controllers\FileManagerController.php(10): view('filemanager/index')
 4 SYSTEMPATH\CodeIgniter.php(933): App\Controllers\FileManagerController->index()
 5 SYSTEMPATH\CodeIgniter.php(509): CodeIgniter\CodeIgniter->runController(Object(App\Controllers\FileManagerController))
 6 SYSTEMPATH\CodeIgniter.php(355): CodeIgniter\CodeIgniter->handleRequest(null, Object(Config\Cache), false)
 7 SYSTEMPATH\Boot.php(325): CodeIgniter\CodeIgniter->run()
 8 SYSTEMPATH\Boot.php(67): CodeIgniter\Boot::runCodeIgniter(Object(CodeIgniter\CodeIgniter))
 9 FCPATH\index.php(56): CodeIgniter\Boot::bootWeb(Object(Config\Paths))
10 SYSTEMPATH\rewrite.php(44): require_once('C:\\xampp\\htdocs\\lagi\\public\\index.php')
CRITICAL - 2024-10-25 02:18:42 --> CodeIgniter\View\Exceptions\ViewException: Invalid file: "filemanager/index.php"
[Method: GET, Route: /]
in SYSTEMPATH\Exceptions\FrameworkException.php on line 41.
 1 SYSTEMPATH\View\View.php(222): CodeIgniter\Exceptions\FrameworkException::forInvalidFile('filemanager/index.php')
 2 SYSTEMPATH\Common.php(1171): CodeIgniter\View\View->render('filemanager/index', [], true)
 3 APPPATH\Controllers\FileManagerController.php(10): view('filemanager/index')
 4 SYSTEMPATH\CodeIgniter.php(933): App\Controllers\FileManagerController->index()
 5 SYSTEMPATH\CodeIgniter.php(509): CodeIgniter\CodeIgniter->runController(Object(App\Controllers\FileManagerController))
 6 SYSTEMPATH\CodeIgniter.php(355): CodeIgniter\CodeIgniter->handleRequest(null, Object(Config\Cache), false)
 7 SYSTEMPATH\Boot.php(325): CodeIgniter\CodeIgniter->run()
 8 SYSTEMPATH\Boot.php(67): CodeIgniter\Boot::runCodeIgniter(Object(CodeIgniter\CodeIgniter))
 9 FCPATH\index.php(56): CodeIgniter\Boot::bootWeb(Object(Config\Paths))
10 SYSTEMPATH\rewrite.php(44): require_once('C:\\xampp\\htdocs\\lagi\\public\\index.php')
CRITICAL - 2024-10-25 02:18:55 --> CodeIgniter\View\Exceptions\ViewException: Invalid file: "filemanager/index.php"
[Method: GET, Route: /]
in SYSTEMPATH\Exceptions\FrameworkException.php on line 41.
 1 SYSTEMPATH\View\View.php(222): CodeIgniter\Exceptions\FrameworkException::forInvalidFile('filemanager/index.php')
 2 SYSTEMPATH\Common.php(1171): CodeIgniter\View\View->render('filemanager/index', [], true)
 3 APPPATH\Controllers\FileManagerController.php(10): view('filemanager/index')
 4 SYSTEMPATH\CodeIgniter.php(933): App\Controllers\FileManagerController->index()
 5 SYSTEMPATH\CodeIgniter.php(509): CodeIgniter\CodeIgniter->runController(Object(App\Controllers\FileManagerController))
 6 SYSTEMPATH\CodeIgniter.php(355): CodeIgniter\CodeIgniter->handleRequest(null, Object(Config\Cache), false)
 7 SYSTEMPATH\Boot.php(325): CodeIgniter\CodeIgniter->run()
 8 SYSTEMPATH\Boot.php(67): CodeIgniter\Boot::runCodeIgniter(Object(CodeIgniter\CodeIgniter))
 9 FCPATH\index.php(56): CodeIgniter\Boot::bootWeb(Object(Config\Paths))
CRITICAL - 2024-10-25 02:19:42 --> CodeIgniter\View\Exceptions\ViewException: Invalid file: "filemanager/index.php"
[Method: GET, Route: /]
in SYSTEMPATH\Exceptions\FrameworkException.php on line 41.
 1 SYSTEMPATH\View\View.php(222): CodeIgniter\Exceptions\FrameworkException::forInvalidFile('filemanager/index.php')
 2 SYSTEMPATH\Common.php(1171): CodeIgniter\View\View->render('filemanager/index', [], true)
 3 APPPATH\Controllers\FileManagerController.php(10): view('filemanager/index')
 4 SYSTEMPATH\CodeIgniter.php(933): App\Controllers\FileManagerController->index()
 5 SYSTEMPATH\CodeIgniter.php(509): CodeIgniter\CodeIgniter->runController(Object(App\Controllers\FileManagerController))
 6 SYSTEMPATH\CodeIgniter.php(355): CodeIgniter\CodeIgniter->handleRequest(null, Object(Config\Cache), false)
 7 SYSTEMPATH\Boot.php(325): CodeIgniter\CodeIgniter->run()
 8 SYSTEMPATH\Boot.php(67): CodeIgniter\Boot::runCodeIgniter(Object(CodeIgniter\CodeIgniter))
 9 FCPATH\index.php(56): CodeIgniter\Boot::bootWeb(Object(Config\Paths))
10 SYSTEMPATH\rewrite.php(44): require_once('C:\\xampp\\htdocs\\lagi\\public\\index.php')
CRITICAL - 2024-10-25 02:19:45 --> CodeIgniter\View\Exceptions\ViewException: Invalid file: "filemanager/index.php"
[Method: GET, Route: /]
in SYSTEMPATH\Exceptions\FrameworkException.php on line 41.
 1 SYSTEMPATH\View\View.php(222): CodeIgniter\Exceptions\FrameworkException::forInvalidFile('filemanager/index.php')
 2 SYSTEMPATH\Common.php(1171): CodeIgniter\View\View->render('filemanager/index', [], true)
 3 APPPATH\Controllers\FileManagerController.php(10): view('filemanager/index')
 4 SYSTEMPATH\CodeIgniter.php(933): App\Controllers\FileManagerController->index()
 5 SYSTEMPATH\CodeIgniter.php(509): CodeIgniter\CodeIgniter->runController(Object(App\Controllers\FileManagerController))
 6 SYSTEMPATH\CodeIgniter.php(355): CodeIgniter\CodeIgniter->handleRequest(null, Object(Config\Cache), false)
 7 SYSTEMPATH\Boot.php(325): CodeIgniter\CodeIgniter->run()
 8 SYSTEMPATH\Boot.php(67): CodeIgniter\Boot::runCodeIgniter(Object(CodeIgniter\CodeIgniter))
 9 FCPATH\index.php(56): CodeIgniter\Boot::bootWeb(Object(Config\Paths))
10 SYSTEMPATH\rewrite.php(44): require_once('C:\\xampp\\htdocs\\lagi\\public\\index.php')
CRITICAL - 2024-10-25 02:20:30 --> CodeIgniter\View\Exceptions\ViewException: Invalid file: "filemanager/index.php"
[Method: GET, Route: /]
in SYSTEMPATH\Exceptions\FrameworkException.php on line 41.
 1 SYSTEMPATH\View\View.php(222): CodeIgniter\Exceptions\FrameworkException::forInvalidFile('filemanager/index.php')
 2 SYSTEMPATH\Common.php(1171): CodeIgniter\View\View->render('filemanager/index', [], true)
 3 APPPATH\Controllers\FileManagerController.php(10): view('filemanager/index')
 4 SYSTEMPATH\CodeIgniter.php(933): App\Controllers\FileManagerController->index()
 5 SYSTEMPATH\CodeIgniter.php(509): CodeIgniter\CodeIgniter->runController(Object(App\Controllers\FileManagerController))
 6 SYSTEMPATH\CodeIgniter.php(355): CodeIgniter\CodeIgniter->handleRequest(null, Object(Config\Cache), false)
 7 SYSTEMPATH\Boot.php(325): CodeIgniter\CodeIgniter->run()
 8 SYSTEMPATH\Boot.php(67): CodeIgniter\Boot::runCodeIgniter(Object(CodeIgniter\CodeIgniter))
 9 FCPATH\index.php(56): CodeIgniter\Boot::bootWeb(Object(Config\Paths))
10 SYSTEMPATH\rewrite.php(44): require_once('C:\\xampp\\htdocs\\lagi\\public\\index.php')
CRITICAL - 2024-10-25 02:20:31 --> CodeIgniter\View\Exceptions\ViewException: Invalid file: "filemanager/index.php"
[Method: GET, Route: /]
in SYSTEMPATH\Exceptions\FrameworkException.php on line 41.
 1 SYSTEMPATH\View\View.php(222): CodeIgniter\Exceptions\FrameworkException::forInvalidFile('filemanager/index.php')
 2 SYSTEMPATH\Common.php(1171): CodeIgniter\View\View->render('filemanager/index', [], true)
 3 APPPATH\Controllers\FileManagerController.php(10): view('filemanager/index')
 4 SYSTEMPATH\CodeIgniter.php(933): App\Controllers\FileManagerController->index()
 5 SYSTEMPATH\CodeIgniter.php(509): CodeIgniter\CodeIgniter->runController(Object(App\Controllers\FileManagerController))
 6 SYSTEMPATH\CodeIgniter.php(355): CodeIgniter\CodeIgniter->handleRequest(null, Object(Config\Cache), false)
 7 SYSTEMPATH\Boot.php(325): CodeIgniter\CodeIgniter->run()
 8 SYSTEMPATH\Boot.php(67): CodeIgniter\Boot::runCodeIgniter(Object(CodeIgniter\CodeIgniter))
 9 FCPATH\index.php(56): CodeIgniter\Boot::bootWeb(Object(Config\Paths))
10 SYSTEMPATH\rewrite.php(44): require_once('C:\\xampp\\htdocs\\lagi\\public\\index.php')
CRITICAL - 2024-10-25 02:20:32 --> CodeIgniter\View\Exceptions\ViewException: Invalid file: "filemanager/index.php"
[Method: GET, Route: /]
in SYSTEMPATH\Exceptions\FrameworkException.php on line 41.
 1 SYSTEMPATH\View\View.php(222): CodeIgniter\Exceptions\FrameworkException::forInvalidFile('filemanager/index.php')
 2 SYSTEMPATH\Common.php(1171): CodeIgniter\View\View->render('filemanager/index', [], true)
 3 APPPATH\Controllers\FileManagerController.php(10): view('filemanager/index')
 4 SYSTEMPATH\CodeIgniter.php(933): App\Controllers\FileManagerController->index()
 5 SYSTEMPATH\CodeIgniter.php(509): CodeIgniter\CodeIgniter->runController(Object(App\Controllers\FileManagerController))
 6 SYSTEMPATH\CodeIgniter.php(355): CodeIgniter\CodeIgniter->handleRequest(null, Object(Config\Cache), false)
 7 SYSTEMPATH\Boot.php(325): CodeIgniter\CodeIgniter->run()
 8 SYSTEMPATH\Boot.php(67): CodeIgniter\Boot::runCodeIgniter(Object(CodeIgniter\CodeIgniter))
 9 FCPATH\index.php(56): CodeIgniter\Boot::bootWeb(Object(Config\Paths))
10 SYSTEMPATH\rewrite.php(44): require_once('C:\\xampp\\htdocs\\lagi\\public\\index.php')
CRITICAL - 2024-10-25 02:20:45 --> CodeIgniter\View\Exceptions\ViewException: Invalid file: "filemanager/index.php"
[Method: GET, Route: /]
in SYSTEMPATH\Exceptions\FrameworkException.php on line 41.
 1 SYSTEMPATH\View\View.php(222): CodeIgniter\Exceptions\FrameworkException::forInvalidFile('filemanager/index.php')
 2 SYSTEMPATH\Common.php(1171): CodeIgniter\View\View->render('filemanager/index', [], true)
 3 APPPATH\Controllers\FileManagerController.php(10): view('filemanager/index')
 4 SYSTEMPATH\CodeIgniter.php(933): App\Controllers\FileManagerController->index()
 5 SYSTEMPATH\CodeIgniter.php(509): CodeIgniter\CodeIgniter->runController(Object(App\Controllers\FileManagerController))
 6 SYSTEMPATH\CodeIgniter.php(355): CodeIgniter\CodeIgniter->handleRequest(null, Object(Config\Cache), false)
 7 SYSTEMPATH\Boot.php(325): CodeIgniter\CodeIgniter->run()
 8 SYSTEMPATH\Boot.php(67): CodeIgniter\Boot::runCodeIgniter(Object(CodeIgniter\CodeIgniter))
 9 FCPATH\index.php(56): CodeIgniter\Boot::bootWeb(Object(Config\Paths))
10 SYSTEMPATH\rewrite.php(44): require_once('C:\\xampp\\htdocs\\lagi\\public\\index.php')
CRITICAL - 2024-10-25 02:20:46 --> CodeIgniter\View\Exceptions\ViewException: Invalid file: "filemanager/index.php"
[Method: GET, Route: /]
in SYSTEMPATH\Exceptions\FrameworkException.php on line 41.
 1 SYSTEMPATH\View\View.php(222): CodeIgniter\Exceptions\FrameworkException::forInvalidFile('filemanager/index.php')
 2 SYSTEMPATH\Common.php(1171): CodeIgniter\View\View->render('filemanager/index', [], true)
 3 APPPATH\Controllers\FileManagerController.php(10): view('filemanager/index')
 4 SYSTEMPATH\CodeIgniter.php(933): App\Controllers\FileManagerController->index()
 5 SYSTEMPATH\CodeIgniter.php(509): CodeIgniter\CodeIgniter->runController(Object(App\Controllers\FileManagerController))
 6 SYSTEMPATH\CodeIgniter.php(355): CodeIgniter\CodeIgniter->handleRequest(null, Object(Config\Cache), false)
 7 SYSTEMPATH\Boot.php(325): CodeIgniter\CodeIgniter->run()
 8 SYSTEMPATH\Boot.php(67): CodeIgniter\Boot::runCodeIgniter(Object(CodeIgniter\CodeIgniter))
 9 FCPATH\index.php(56): CodeIgniter\Boot::bootWeb(Object(Config\Paths))
10 SYSTEMPATH\rewrite.php(44): require_once('C:\\xampp\\htdocs\\lagi\\public\\index.php')
CRITICAL - 2024-10-25 02:25:05 --> CodeIgniter\View\Exceptions\ViewException: Invalid file: "filemanager/index.php"
[Method: GET, Route: /]
in SYSTEMPATH\Exceptions\FrameworkException.php on line 41.
 1 SYSTEMPATH\View\View.php(222): CodeIgniter\Exceptions\FrameworkException::forInvalidFile('filemanager/index.php')
 2 SYSTEMPATH\Common.php(1171): CodeIgniter\View\View->render('filemanager/index', [], true)
 3 APPPATH\Controllers\FileManagerController.php(10): view('filemanager/index')
 4 SYSTEMPATH\CodeIgniter.php(933): App\Controllers\FileManagerController->index()
 5 SYSTEMPATH\CodeIgniter.php(509): CodeIgniter\CodeIgniter->runController(Object(App\Controllers\FileManagerController))
 6 SYSTEMPATH\CodeIgniter.php(355): CodeIgniter\CodeIgniter->handleRequest(null, Object(Config\Cache), false)
 7 SYSTEMPATH\Boot.php(325): CodeIgniter\CodeIgniter->run()
 8 SYSTEMPATH\Boot.php(67): CodeIgniter\Boot::runCodeIgniter(Object(CodeIgniter\CodeIgniter))
 9 FCPATH\index.php(56): CodeIgniter\Boot::bootWeb(Object(Config\Paths))
10 SYSTEMPATH\rewrite.php(44): require_once('C:\\xampp\\htdocs\\lagi\\public\\index.php')
CRITICAL - 2024-10-25 02:25:06 --> CodeIgniter\View\Exceptions\ViewException: Invalid file: "filemanager/index.php"
[Method: GET, Route: /]
in SYSTEMPATH\Exceptions\FrameworkException.php on line 41.
 1 SYSTEMPATH\View\View.php(222): CodeIgniter\Exceptions\FrameworkException::forInvalidFile('filemanager/index.php')
 2 SYSTEMPATH\Common.php(1171): CodeIgniter\View\View->render('filemanager/index', [], true)
 3 APPPATH\Controllers\FileManagerController.php(10): view('filemanager/index')
 4 SYSTEMPATH\CodeIgniter.php(933): App\Controllers\FileManagerController->index()
 5 SYSTEMPATH\CodeIgniter.php(509): CodeIgniter\CodeIgniter->runController(Object(App\Controllers\FileManagerController))
 6 SYSTEMPATH\CodeIgniter.php(355): CodeIgniter\CodeIgniter->handleRequest(null, Object(Config\Cache), false)
 7 SYSTEMPATH\Boot.php(325): CodeIgniter\CodeIgniter->run()
 8 SYSTEMPATH\Boot.php(67): CodeIgniter\Boot::runCodeIgniter(Object(CodeIgniter\CodeIgniter))
 9 FCPATH\index.php(56): CodeIgniter\Boot::bootWeb(Object(Config\Paths))
10 SYSTEMPATH\rewrite.php(44): require_once('C:\\xampp\\htdocs\\lagi\\public\\index.php')
CRITICAL - 2024-10-25 02:33:34 --> CodeIgniter\View\Exceptions\ViewException: Invalid file: "filemanager/index.php"
[Method: GET, Route: /]
in SYSTEMPATH\Exceptions\FrameworkException.php on line 41.
 1 SYSTEMPATH\View\View.php(222): CodeIgniter\Exceptions\FrameworkException::forInvalidFile('filemanager/index.php')
 2 SYSTEMPATH\Common.php(1171): CodeIgniter\View\View->render('filemanager/index', [], true)
 3 APPPATH\Controllers\FileManagerController.php(10): view('filemanager/index')
 4 SYSTEMPATH\CodeIgniter.php(933): App\Controllers\FileManagerController->index()
 5 SYSTEMPATH\CodeIgniter.php(509): CodeIgniter\CodeIgniter->runController(Object(App\Controllers\FileManagerController))
 6 SYSTEMPATH\CodeIgniter.php(355): CodeIgniter\CodeIgniter->handleRequest(null, Object(Config\Cache), false)
 7 SYSTEMPATH\Boot.php(325): CodeIgniter\CodeIgniter->run()
 8 SYSTEMPATH\Boot.php(67): CodeIgniter\Boot::runCodeIgniter(Object(CodeIgniter\CodeIgniter))
 9 FCPATH\index.php(56): CodeIgniter\Boot::bootWeb(Object(Config\Paths))
10 SYSTEMPATH\rewrite.php(44): require_once('C:\\xampp\\htdocs\\lagi\\public\\index.php')
CRITICAL - 2024-10-25 02:33:35 --> CodeIgniter\View\Exceptions\ViewException: Invalid file: "filemanager/index.php"
[Method: GET, Route: /]
in SYSTEMPATH\Exceptions\FrameworkException.php on line 41.
 1 SYSTEMPATH\View\View.php(222): CodeIgniter\Exceptions\FrameworkException::forInvalidFile('filemanager/index.php')
 2 SYSTEMPATH\Common.php(1171): CodeIgniter\View\View->render('filemanager/index', [], true)
 3 APPPATH\Controllers\FileManagerController.php(10): view('filemanager/index')
 4 SYSTEMPATH\CodeIgniter.php(933): App\Controllers\FileManagerController->index()
 5 SYSTEMPATH\CodeIgniter.php(509): CodeIgniter\CodeIgniter->runController(Object(App\Controllers\FileManagerController))
 6 SYSTEMPATH\CodeIgniter.php(355): CodeIgniter\CodeIgniter->handleRequest(null, Object(Config\Cache), false)
 7 SYSTEMPATH\Boot.php(325): CodeIgniter\CodeIgniter->run()
 8 SYSTEMPATH\Boot.php(67): CodeIgniter\Boot::runCodeIgniter(Object(CodeIgniter\CodeIgniter))
 9 FCPATH\index.php(56): CodeIgniter\Boot::bootWeb(Object(Config\Paths))
10 SYSTEMPATH\rewrite.php(44): require_once('C:\\xampp\\htdocs\\lagi\\public\\index.php')
CRITICAL - 2024-10-25 02:37:24 --> CodeIgniter\View\Exceptions\ViewException: Invalid file: "filemanager/index.php"
[Method: GET, Route: /]
in SYSTEMPATH\Exceptions\FrameworkException.php on line 41.
 1 SYSTEMPATH\View\View.php(222): CodeIgniter\Exceptions\FrameworkException::forInvalidFile('filemanager/index.php')
 2 SYSTEMPATH\Common.php(1171): CodeIgniter\View\View->render('filemanager/index', [], true)
 3 APPPATH\Controllers\FileManagerController.php(10): view('filemanager/index')
 4 SYSTEMPATH\CodeIgniter.php(933): App\Controllers\FileManagerController->index()
 5 SYSTEMPATH\CodeIgniter.php(509): CodeIgniter\CodeIgniter->runController(Object(App\Controllers\FileManagerController))
 6 SYSTEMPATH\CodeIgniter.php(355): CodeIgniter\CodeIgniter->handleRequest(null, Object(Config\Cache), false)
 7 SYSTEMPATH\Boot.php(325): CodeIgniter\CodeIgniter->run()
 8 SYSTEMPATH\Boot.php(67): CodeIgniter\Boot::runCodeIgniter(Object(CodeIgniter\CodeIgniter))
 9 FCPATH\index.php(56): CodeIgniter\Boot::bootWeb(Object(Config\Paths))
10 SYSTEMPATH\rewrite.php(44): require_once('C:\\xampp\\htdocs\\lagi\\public\\index.php')
CRITICAL - 2024-10-25 02:37:26 --> CodeIgniter\View\Exceptions\ViewException: Invalid file: "filemanager/index.php"
[Method: GET, Route: /]
in SYSTEMPATH\Exceptions\FrameworkException.php on line 41.
 1 SYSTEMPATH\View\View.php(222): CodeIgniter\Exceptions\FrameworkException::forInvalidFile('filemanager/index.php')
 2 SYSTEMPATH\Common.php(1171): CodeIgniter\View\View->render('filemanager/index', [], true)
 3 APPPATH\Controllers\FileManagerController.php(10): view('filemanager/index')
 4 SYSTEMPATH\CodeIgniter.php(933): App\Controllers\FileManagerController->index()
 5 SYSTEMPATH\CodeIgniter.php(509): CodeIgniter\CodeIgniter->runController(Object(App\Controllers\FileManagerController))
 6 SYSTEMPATH\CodeIgniter.php(355): CodeIgniter\CodeIgniter->handleRequest(null, Object(Config\Cache), false)
 7 SYSTEMPATH\Boot.php(325): CodeIgniter\CodeIgniter->run()
 8 SYSTEMPATH\Boot.php(67): CodeIgniter\Boot::runCodeIgniter(Object(CodeIgniter\CodeIgniter))
 9 FCPATH\index.php(56): CodeIgniter\Boot::bootWeb(Object(Config\Paths))
10 SYSTEMPATH\rewrite.php(44): require_once('C:\\xampp\\htdocs\\lagi\\public\\index.php')
CRITICAL - 2024-10-25 02:39:50 --> CodeIgniter\View\Exceptions\ViewException: Invalid file: "filemanager/index.php"
[Method: GET, Route: /]
in SYSTEMPATH\Exceptions\FrameworkException.php on line 41.
 1 SYSTEMPATH\View\View.php(222): CodeIgniter\Exceptions\FrameworkException::forInvalidFile('filemanager/index.php')
 2 SYSTEMPATH\Common.php(1171): CodeIgniter\View\View->render('filemanager/index', [], true)
 3 APPPATH\Controllers\FileManagerController.php(20): view('filemanager/index', [...])
 4 SYSTEMPATH\CodeIgniter.php(933): App\Controllers\FileManagerController->index()
 5 SYSTEMPATH\CodeIgniter.php(509): CodeIgniter\CodeIgniter->runController(Object(App\Controllers\FileManagerController))
 6 SYSTEMPATH\CodeIgniter.php(355): CodeIgniter\CodeIgniter->handleRequest(null, Object(Config\Cache), false)
 7 SYSTEMPATH\Boot.php(325): CodeIgniter\CodeIgniter->run()
 8 SYSTEMPATH\Boot.php(67): CodeIgniter\Boot::runCodeIgniter(Object(CodeIgniter\CodeIgniter))
 9 FCPATH\index.php(56): CodeIgniter\Boot::bootWeb(Object(Config\Paths))
10 SYSTEMPATH\rewrite.php(44): require_once('C:\\xampp\\htdocs\\lagi\\public\\index.php')
CRITICAL - 2024-10-25 02:39:53 --> CodeIgniter\View\Exceptions\ViewException: Invalid file: "filemanager/index.php"
[Method: GET, Route: /]
in SYSTEMPATH\Exceptions\FrameworkException.php on line 41.
 1 SYSTEMPATH\View\View.php(222): CodeIgniter\Exceptions\FrameworkException::forInvalidFile('filemanager/index.php')
 2 SYSTEMPATH\Common.php(1171): CodeIgniter\View\View->render('filemanager/index', [], true)
 3 APPPATH\Controllers\FileManagerController.php(20): view('filemanager/index', [...])
 4 SYSTEMPATH\CodeIgniter.php(933): App\Controllers\FileManagerController->index()
 5 SYSTEMPATH\CodeIgniter.php(509): CodeIgniter\CodeIgniter->runController(Object(App\Controllers\FileManagerController))
 6 SYSTEMPATH\CodeIgniter.php(355): CodeIgniter\CodeIgniter->handleRequest(null, Object(Config\Cache), false)
 7 SYSTEMPATH\Boot.php(325): CodeIgniter\CodeIgniter->run()
 8 SYSTEMPATH\Boot.php(67): CodeIgniter\Boot::runCodeIgniter(Object(CodeIgniter\CodeIgniter))
 9 FCPATH\index.php(56): CodeIgniter\Boot::bootWeb(Object(Config\Paths))
10 SYSTEMPATH\rewrite.php(44): require_once('C:\\xampp\\htdocs\\lagi\\public\\index.php')
CRITICAL - 2024-10-25 07:36:37 --> ErrorException: Undefined variable $file
[Method: GET, Route: filemanager/search]
in APPPATH\Views\file_manager\search_results.php on line 23.
 1 APPPATH\Views\file_manager\search_results.php(23): CodeIgniter\Debug\Exceptions->errorHandler(2, 'Undefined variable $file', 'C:\\xampp\\htdocs\\lagi\\app\\Views\\file_manager\\search_results.php', 23)
 2 SYSTEMPATH\View\View.php(234): include('C:\\xampp\\htdocs\\lagi\\app\\Views\\file_manager\\search_results.php')
 3 SYSTEMPATH\View\View.php(237): CodeIgniter\View\View->CodeIgniter\View\{closure}()
 4 SYSTEMPATH\Common.php(1171): CodeIgniter\View\View->render('file_manager/search_results', [], true)
 5 APPPATH\Controllers\FileManagerController.php(72): view('file_manager/search_results', [...])
 6 SYSTEMPATH\CodeIgniter.php(933): App\Controllers\FileManagerController->search()
 7 SYSTEMPATH\CodeIgniter.php(509): CodeIgniter\CodeIgniter->runController(Object(App\Controllers\FileManagerController))
 8 SYSTEMPATH\CodeIgniter.php(355): CodeIgniter\CodeIgniter->handleRequest(null, Object(Config\Cache), false)
 9 SYSTEMPATH\Boot.php(325): CodeIgniter\CodeIgniter->run()
10 SYSTEMPATH\Boot.php(67): CodeIgniter\Boot::runCodeIgniter(Object(CodeIgniter\CodeIgniter))
11 FCPATH\index.php(56): CodeIgniter\Boot::bootWeb(Object(Config\Paths))
12 SYSTEMPATH\rewrite.php(44): require_once('C:\\xampp\\htdocs\\lagi\\public\\index.php')
CRITICAL - 2024-10-25 07:36:44 --> ErrorException: Undefined variable $file
[Method: GET, Route: filemanager/search]
in APPPATH\Views\file_manager\search_results.php on line 23.
 1 APPPATH\Views\file_manager\search_results.php(23): CodeIgniter\Debug\Exceptions->errorHandler(2, 'Undefined variable $file', 'C:\\xampp\\htdocs\\lagi\\app\\Views\\file_manager\\search_results.php', 23)
 2 SYSTEMPATH\View\View.php(234): include('C:\\xampp\\htdocs\\lagi\\app\\Views\\file_manager\\search_results.php')
 3 SYSTEMPATH\View\View.php(237): CodeIgniter\View\View->CodeIgniter\View\{closure}()
 4 SYSTEMPATH\Common.php(1171): CodeIgniter\View\View->render('file_manager/search_results', [], true)
 5 APPPATH\Controllers\FileManagerController.php(72): view('file_manager/search_results', [...])
 6 SYSTEMPATH\CodeIgniter.php(933): App\Controllers\FileManagerController->search()
 7 SYSTEMPATH\CodeIgniter.php(509): CodeIgniter\CodeIgniter->runController(Object(App\Controllers\FileManagerController))
 8 SYSTEMPATH\CodeIgniter.php(355): CodeIgniter\CodeIgniter->handleRequest(null, Object(Config\Cache), false)
 9 SYSTEMPATH\Boot.php(325): CodeIgniter\CodeIgniter->run()
10 SYSTEMPATH\Boot.php(67): CodeIgniter\Boot::runCodeIgniter(Object(CodeIgniter\CodeIgniter))
11 FCPATH\index.php(56): CodeIgniter\Boot::bootWeb(Object(Config\Paths))
12 SYSTEMPATH\rewrite.php(44): require_once('C:\\xampp\\htdocs\\lagi\\public\\index.php')
CRITICAL - 2024-10-25 07:37:07 --> ErrorException: Undefined variable $file
[Method: GET, Route: filemanager/search]
in APPPATH\Views\file_manager\search_results.php on line 23.
 1 APPPATH\Views\file_manager\search_results.php(23): CodeIgniter\Debug\Exceptions->errorHandler(2, 'Undefined variable $file', 'C:\\xampp\\htdocs\\lagi\\app\\Views\\file_manager\\search_results.php', 23)
 2 SYSTEMPATH\View\View.php(234): include('C:\\xampp\\htdocs\\lagi\\app\\Views\\file_manager\\search_results.php')
 3 SYSTEMPATH\View\View.php(237): CodeIgniter\View\View->CodeIgniter\View\{closure}()
 4 SYSTEMPATH\Common.php(1171): CodeIgniter\View\View->render('file_manager/search_results', [], true)
 5 APPPATH\Controllers\FileManagerController.php(72): view('file_manager/search_results', [...])
 6 SYSTEMPATH\CodeIgniter.php(933): App\Controllers\FileManagerController->search()
 7 SYSTEMPATH\CodeIgniter.php(509): CodeIgniter\CodeIgniter->runController(Object(App\Controllers\FileManagerController))
 8 SYSTEMPATH\CodeIgniter.php(355): CodeIgniter\CodeIgniter->handleRequest(null, Object(Config\Cache), false)
 9 SYSTEMPATH\Boot.php(325): CodeIgniter\CodeIgniter->run()
10 SYSTEMPATH\Boot.php(67): CodeIgniter\Boot::runCodeIgniter(Object(CodeIgniter\CodeIgniter))
11 FCPATH\index.php(56): CodeIgniter\Boot::bootWeb(Object(Config\Paths))
12 SYSTEMPATH\rewrite.php(44): require_once('C:\\xampp\\htdocs\\lagi\\public\\index.php')
